<?xml version="1.0" encoding="UTF-8"?>
<!-- Generated by org.testng.reporters.JUnitReportReporter -->
<testsuite hostname="Hunters-MacBook-Pro-2.local" failures="0" tests="1" name="TestLittlePiggy" time="10.324" errors="0" timestamp="2023-07-20T12:11:16 PDT" skipped="0">
  <testcase classname="TestLittlePiggy" name="tryMe" time="10.324"/>
  <system-out/>
</testsuite> <!-- TestLittlePiggy -->
