<?xml version="1.0" encoding="UTF-8"?>
<!-- Generated by org.testng.reporters.JUnitReportReporter -->
<testsuite hostname="Hunters-MacBook-Pro-2.local" failures="0" tests="1" name="TestLittlePiggy" time="2.961" errors="0" timestamp="2023-07-31T17:00:21 PDT" skipped="0">
  <testcase classname="TestLittlePiggy" name="Test_Piggy_Login" time="2.961"/>
  <system-out/>
</testsuite> <!-- TestLittlePiggy -->
