<?xml version="1.0" encoding="UTF-8"?>
<!-- Generated by org.testng.reporters.JUnitReportReporter -->
<testsuite hostname="Hunters-MacBook-Pro-2.local" failures="0" tests="5" name="TestHome" time="17.094" errors="0" timestamp="2023-08-10T15:38:07 PDT" skipped="0">
  <testcase classname="TestHome" name="login" time="3.349"/>
  <system-out/>
  <testcase classname="TestHome" name="addVehicle_verifyInput" time="4.390"/>
  <system-out/>
  <testcase classname="TestHome" name="myGarage_Redirects_Home" time="2.297"/>
  <system-out/>
  <testcase classname="TestHome" name="searchGarage_Does_Reduce" time="3.485"/>
  <system-out/>
  <testcase classname="TestHome" name="NavMenu_isHidden" time="3.573"/>
  <system-out/>
</testsuite> <!-- TestHome -->
