<?xml version="1.0" encoding="UTF-8"?>
<!-- Generated by org.testng.reporters.JUnitReportReporter -->
<testsuite hostname="Hunters-MacBook-Pro-2.local" failures="0" tests="1" name="TestHome" time="3.883" errors="0" timestamp="2023-08-10T16:38:49 PDT" skipped="0">
  <testcase classname="TestHome" name="login" time="3.883"/>
  <system-out/>
</testsuite> <!-- TestHome -->
