<?xml version="1.0" encoding="UTF-8"?>
<!-- Generated by org.testng.reporters.JUnitReportReporter -->
<testsuite hostname="Hunters-MacBook-Pro-2.local" failures="0" tests="3" name="TestHome" time="9.397" errors="0" timestamp="2023-07-25T11:34:53 PDT" skipped="0">
  <testcase classname="TestHome" name="test_Home_isCollapsed" time="4.499"/>
  <system-out/>
  <testcase classname="TestHome" name="Home_Redirects_Home" time="2.790"/>
  <system-out/>
  <testcase classname="TestHome" name="Test_NavMenu_isHidden" time="2.108"/>
  <system-out/>
</testsuite> <!-- TestHome -->
