<?xml version="1.0" encoding="UTF-8"?>
<!-- Generated by org.testng.reporters.JUnitReportReporter -->
<testsuite hostname="Hunters-MacBook-Pro-2.local" failures="0" tests="4" name="TestHome" time="13.360" errors="0" timestamp="2023-07-31T17:04:32 PDT" skipped="0">
  <testcase classname="TestHome" name="myGarage_Redirects_Home" time="2.209"/>
  <system-out/>
  <testcase classname="TestHome" name="addVehicle_verifyInput" time="4.378"/>
  <system-out/>
  <testcase classname="TestHome" name="searchGarage_Does_Reduce" time="3.229"/>
  <system-out/>
  <testcase classname="TestHome" name="Test_NavMenu_isHidden" time="3.544"/>
  <system-out/>
</testsuite> <!-- TestHome -->
