<?xml version="1.0" encoding="UTF-8"?>
<!-- Generated by org.testng.reporters.JUnitReportReporter -->
<testsuite hostname="Hunters-MacBook-Pro-2.local" failures="0" tests="1" name="TestHome" time="4.752" errors="0" timestamp="2023-08-02T12:26:13 PDT" skipped="0">
  <testcase classname="TestHome" name="addVehicle_verifyInput" time="4.752"/>
  <system-out/>
</testsuite> <!-- TestHome -->
